<?xml version="1.0" encoding="UTF-8"?>
<!-- Generated by org.testng.reporters.JUnitXMLReporter -->
<testsuite ignored="2" hostname="DESKTOP-G10MSJA" failures="0" tests="1" name="Default test" time="8.206" errors="0" timestamp="2022-06-28T18:20:18 IST">
  <testcase classname="SCRIPT.login_script" name="TC_01" time="0.441"/>
  <testcase classname="SCRIPT.login_script" name="TC_03" time="0.0">
    <ignored/>
  </testcase> <!-- TC_03 -->
  <testcase classname="SCRIPT.login_script" name="TC_02" time="0.0">
    <ignored/>
  </testcase> <!-- TC_02 -->
</testsuite> <!-- Default test -->
