<?xml version="1.0" encoding="UTF-8"?>
<testng-results ignored="2" total="3" passed="1" failed="0" skipped="0">
  <reporter-output>
  </reporter-output>
  <suite started-at="2022-06-28T18:20:10 IST" name="Default suite" finished-at="2022-06-28T18:20:18 IST" duration-ms="8206">
    <groups>
    </groups>
    <test started-at="2022-06-28T18:20:10 IST" name="Default test" finished-at="2022-06-28T18:20:18 IST" duration-ms="8206">
      <class name="SCRIPT.login_script">
        <test-method is-config="true" signature="m1()[pri:0, instance:SCRIPT.login_script@6c80d78a]" started-at="2022-06-28T18:20:10 IST" name="m1" finished-at="2022-06-28T18:20:18 IST" duration-ms="7698" status="PASS">
          <reporter-output>
          </reporter-output>
        </test-method> <!-- m1 -->
        <test-method signature="TC_01()[pri:0, instance:SCRIPT.login_script@6c80d78a]" started-at="2022-06-28T18:20:18 IST" name="TC_01" finished-at="2022-06-28T18:20:18 IST" duration-ms="441" status="PASS">
          <reporter-output>
          </reporter-output>
        </test-method> <!-- TC_01 -->
        <test-method is-config="true" signature="m2()[pri:0, instance:SCRIPT.login_script@6c80d78a]" started-at="2022-06-28T18:20:18 IST" name="m2" finished-at="2022-06-28T18:20:18 IST" duration-ms="0" status="PASS">
          <reporter-output>
          </reporter-output>
        </test-method> <!-- m2 -->
      </class> <!-- SCRIPT.login_script -->
    </test> <!-- Default test -->
  </suite> <!-- Default suite -->
</testng-results>
